<?xml version="1.0" encoding="UTF-8"?>
<!-- Generated by org.testng.reporters.JUnitXMLReporter -->
<testsuite ignored="0" hostname="DESKTOP-LPJ0J81" failures="0" tests="4" name="test" time="86.33" errors="0" timestamp="2021-11-25T19:02:12 IST">
  <testcase classname="qaclickacademy.ValidateTitle" name="Validatetitle" time="1.14"/>
  <testcase classname="qaclickacademy.Navigationbar" name="navigateBar" time="0.379"/>
  <testcase classname="qaclickacademy.Homepage" name="homePage" time="14.428"/>
  <testcase classname="qaclickacademy.Homepage" name="homePage" time="9.442"/>
</testsuite> <!-- test -->
