<?xml version="1.0" encoding="UTF-8"?>
<!-- Generated by org.testng.reporters.JUnitXMLReporter -->
<testsuite ignored="0" hostname="DESKTOP-LPJ0J81" failures="1" tests="1" name="validating title" time="72.703" errors="0" timestamp="2021-11-27T12:12:14 IST">
  <testcase classname="qaclickacademy.ValidateTitle" name="Validatetitle" time="1.629">
    <failure type="java.lang.AssertionError" message="expected [FEATURED COURSES123] but found [FEATURED COURSES]">
      <![CDATA[java.lang.AssertionError: expected [FEATURED COURSES123] but found [FEATURED COURSES]
at qaclickacademy.ValidateTitle.Validatetitle(ValidateTitle.java:37)
at java.base/java.util.ArrayList.forEach(ArrayList.java:1511)
... Removed 33 stack frames]]>
    </failure>
  </testcase> <!-- Validatetitle -->
</testsuite> <!-- validating title -->
