<?xml version="1.0" encoding="UTF-8"?>
<testng-results skipped="0" failed="1" ignored="0" total="4" passed="3">
  <reporter-output>
  </reporter-output>
  <suite name="Suite" duration-ms="335823" started-at="2021-11-24T16:41:17 IST" finished-at="2021-11-24T16:46:52 IST">
    <groups>
    </groups>
    <test name="Test" duration-ms="335823" started-at="2021-11-24T16:41:17 IST" finished-at="2021-11-24T16:46:52 IST">
      <class name="qaclickacademy.ValidateTitle">
        <test-method status="PASS" signature="initialize()[pri:0, instance:qaclickacademy.ValidateTitle@291b4bf5]" name="initialize" is-config="true" duration-ms="32989" started-at="2021-11-24T16:41:58 IST" finished-at="2021-11-24T16:42:31 IST">
          <reporter-output>
          </reporter-output>
        </test-method> <!-- initialize -->
        <test-method status="PASS" signature="Validatetitle()[pri:0, instance:qaclickacademy.ValidateTitle@291b4bf5]" name="Validatetitle" duration-ms="53758" started-at="2021-11-24T16:42:32 IST" finished-at="2021-11-24T16:43:25 IST">
          <reporter-output>
          </reporter-output>
        </test-method> <!-- Validatetitle -->
        <test-method status="PASS" signature="teardrop()[pri:0, instance:qaclickacademy.ValidateTitle@291b4bf5]" name="teardrop" is-config="true" duration-ms="2449" started-at="2021-11-24T16:46:50 IST" finished-at="2021-11-24T16:46:52 IST">
          <reporter-output>
          </reporter-output>
        </test-method> <!-- teardrop -->
      </class> <!-- qaclickacademy.ValidateTitle -->
      <class name="qaclickacademy.Navigationbar">
        <test-method status="PASS" signature="initialize()[pri:0, instance:qaclickacademy.Navigationbar@5f8edcc5]" name="initialize" is-config="true" duration-ms="17383" started-at="2021-11-24T16:41:41 IST" finished-at="2021-11-24T16:41:58 IST">
          <reporter-output>
          </reporter-output>
        </test-method> <!-- initialize -->
        <test-method status="PASS" signature="navigateBar()[pri:0, instance:qaclickacademy.Navigationbar@5f8edcc5]" name="navigateBar" duration-ms="2139" started-at="2021-11-24T16:43:25 IST" finished-at="2021-11-24T16:43:27 IST">
          <reporter-output>
          </reporter-output>
        </test-method> <!-- navigateBar -->
        <test-method status="PASS" signature="teardrop()[pri:0, instance:qaclickacademy.Navigationbar@5f8edcc5]" name="teardrop" is-config="true" duration-ms="17267" started-at="2021-11-24T16:46:33 IST" finished-at="2021-11-24T16:46:50 IST">
          <reporter-output>
          </reporter-output>
        </test-method> <!-- teardrop -->
      </class> <!-- qaclickacademy.Navigationbar -->
      <class name="qaclickacademy.Homepage">
        <test-method status="PASS" signature="initialize()[pri:0, instance:qaclickacademy.Homepage@7b02881e]" name="initialize" is-config="true" duration-ms="24011" started-at="2021-11-24T16:41:17 IST" finished-at="2021-11-24T16:41:41 IST">
          <reporter-output>
          </reporter-output>
        </test-method> <!-- initialize -->
        <test-method status="FAIL" signature="homePage(java.lang.String,java.lang.String,java.lang.String)[pri:0, instance:qaclickacademy.Homepage@7b02881e]" name="homePage" duration-ms="53663" started-at="2021-11-24T16:43:28 IST" data-provider="getData" finished-at="2021-11-24T16:44:21 IST">
          <params>
            <param index="0">
              <value>
                <![CDATA[nonrestricted user@email.com]]>
              </value>
            </param>
            <param index="1">
              <value>
                <![CDATA[raja123456]]>
              </value>
            </param>
            <param index="2">
              <value>
                <![CDATA[non restricted user]]>
              </value>
            </param>
          </params>
          <exception class="org.openqa.selenium.ElementClickInterceptedException">
            <message>
              <![CDATA[element click intercepted: Element <a href="https://rahulshettyacademy.com/sign_in/">...</a> is not clickable at point (992, 16). Other element would receive the click: <div class="listbuilder-popup-content">...</div>
  (Session info: chrome=96.0.4664.45)
Build info: version: '4.0.0', revision: '3a21814679'
System info: host: 'DESKTOP-LPJ0J81', ip: '192.168.43.111', os.name: 'Windows 10', os.arch: 'amd64', os.version: '10.0', java.version: '1.8.0_301'
Driver info: org.openqa.selenium.chrome.ChromeDriver
Command: [edc628b0ddb9f977b49b0b35d0f24fdf, clickElement {id=1058a716-9aba-48f8-98b0-bf860ff0b95d}]
Capabilities {acceptInsecureCerts: false, browserName: chrome, browserVersion: 96.0.4664.45, chrome: {chromedriverVersion: 95.0.4638.69 (6a1600ed572fe..., userDataDir: C:\Users\wins\AppData\Local...}, goog:chromeOptions: {debuggerAddress: localhost:64642}, javascriptEnabled: true, networkConnectionEnabled: false, pageLoadStrategy: normal, platform: WINDOWS, platformName: WINDOWS, proxy: Proxy(), se:cdp: ws://localhost:64642/devtoo..., se:cdpVersion: 96.0.4664.45, setWindowRect: true, strictFileInteractability: false, timeouts: {implicit: 0, pageLoad: 300000, script: 30000}, unhandledPromptBehavior: dismiss and notify, webauthn:extension:credBlob: true, webauthn:extension:largeBlob: true, webauthn:virtualAuthenticators: true}
Element: [[ChromeDriver: chrome on WINDOWS (edc628b0ddb9f977b49b0b35d0f24fdf)] -> css selector: a[href*='/sign_in/']]
Session ID: edc628b0ddb9f977b49b0b35d0f24fdf]]>
            </message>
            <full-stacktrace>
              <![CDATA[org.openqa.selenium.ElementClickInterceptedException: element click intercepted: Element <a href="https://rahulshettyacademy.com/sign_in/">...</a> is not clickable at point (992, 16). Other element would receive the click: <div class="listbuilder-popup-content">...</div>
  (Session info: chrome=96.0.4664.45)
Build info: version: '4.0.0', revision: '3a21814679'
System info: host: 'DESKTOP-LPJ0J81', ip: '192.168.43.111', os.name: 'Windows 10', os.arch: 'amd64', os.version: '10.0', java.version: '1.8.0_301'
Driver info: org.openqa.selenium.chrome.ChromeDriver
Command: [edc628b0ddb9f977b49b0b35d0f24fdf, clickElement {id=1058a716-9aba-48f8-98b0-bf860ff0b95d}]
Capabilities {acceptInsecureCerts: false, browserName: chrome, browserVersion: 96.0.4664.45, chrome: {chromedriverVersion: 95.0.4638.69 (6a1600ed572fe..., userDataDir: C:\Users\wins\AppData\Local...}, goog:chromeOptions: {debuggerAddress: localhost:64642}, javascriptEnabled: true, networkConnectionEnabled: false, pageLoadStrategy: normal, platform: WINDOWS, platformName: WINDOWS, proxy: Proxy(), se:cdp: ws://localhost:64642/devtoo..., se:cdpVersion: 96.0.4664.45, setWindowRect: true, strictFileInteractability: false, timeouts: {implicit: 0, pageLoad: 300000, script: 30000}, unhandledPromptBehavior: dismiss and notify, webauthn:extension:credBlob: true, webauthn:extension:largeBlob: true, webauthn:virtualAuthenticators: true}
Element: [[ChromeDriver: chrome on WINDOWS (edc628b0ddb9f977b49b0b35d0f24fdf)] -> css selector: a[href*='/sign_in/']]
Session ID: edc628b0ddb9f977b49b0b35d0f24fdf
at sun.reflect.NativeConstructorAccessorImpl.newInstance0(Native Method)
at sun.reflect.NativeConstructorAccessorImpl.newInstance(NativeConstructorAccessorImpl.java:62)
at sun.reflect.DelegatingConstructorAccessorImpl.newInstance(DelegatingConstructorAccessorImpl.java:45)
at java.lang.reflect.Constructor.newInstance(Constructor.java:423)
at org.openqa.selenium.remote.codec.w3c.W3CHttpResponseCodec.createException(W3CHttpResponseCodec.java:200)
at org.openqa.selenium.remote.codec.w3c.W3CHttpResponseCodec.decode(W3CHttpResponseCodec.java:133)
at org.openqa.selenium.remote.codec.w3c.W3CHttpResponseCodec.decode(W3CHttpResponseCodec.java:53)
at org.openqa.selenium.remote.HttpCommandExecutor.execute(HttpCommandExecutor.java:184)
at org.openqa.selenium.remote.service.DriverCommandExecutor.invokeExecute(DriverCommandExecutor.java:164)
at org.openqa.selenium.remote.service.DriverCommandExecutor.execute(DriverCommandExecutor.java:139)
at org.openqa.selenium.remote.RemoteWebDriver.execute(RemoteWebDriver.java:559)
at org.openqa.selenium.remote.RemoteWebElement.execute(RemoteWebElement.java:251)
at org.openqa.selenium.remote.RemoteWebElement.click(RemoteWebElement.java:77)
at qaclickacademy.Homepage.homePage(Homepage.java:36)
at sun.reflect.NativeMethodAccessorImpl.invoke0(Native Method)
at sun.reflect.NativeMethodAccessorImpl.invoke(NativeMethodAccessorImpl.java:62)
at sun.reflect.DelegatingMethodAccessorImpl.invoke(DelegatingMethodAccessorImpl.java:43)
at java.lang.reflect.Method.invoke(Method.java:498)
at org.testng.internal.MethodInvocationHelper.invokeMethod(MethodInvocationHelper.java:133)
at org.testng.internal.TestInvoker.invokeMethod(TestInvoker.java:598)
at org.testng.internal.TestInvoker.invokeTestMethod(TestInvoker.java:173)
at org.testng.internal.MethodRunner.runInSequence(MethodRunner.java:46)
at org.testng.internal.TestInvoker$MethodInvocationAgent.invoke(TestInvoker.java:824)
at org.testng.internal.TestInvoker.invokeTestMethods(TestInvoker.java:146)
at org.testng.internal.TestMethodWorker.invokeTestMethods(TestMethodWorker.java:146)
at org.testng.internal.TestMethodWorker.run(TestMethodWorker.java:128)
at java.util.ArrayList.forEach(ArrayList.java:1259)
at org.testng.TestRunner.privateRun(TestRunner.java:794)
at org.testng.TestRunner.run(TestRunner.java:596)
at org.testng.SuiteRunner.runTest(SuiteRunner.java:377)
at org.testng.SuiteRunner.runSequentially(SuiteRunner.java:371)
at org.testng.SuiteRunner.privateRun(SuiteRunner.java:332)
at org.testng.SuiteRunner.run(SuiteRunner.java:276)
at org.testng.SuiteRunnerWorker.runSuite(SuiteRunnerWorker.java:53)
at org.testng.SuiteRunnerWorker.run(SuiteRunnerWorker.java:96)
at org.testng.TestNG.runSuitesSequentially(TestNG.java:1212)
at org.testng.TestNG.runSuitesLocally(TestNG.java:1134)
at org.testng.TestNG.runSuites(TestNG.java:1063)
at org.testng.TestNG.run(TestNG.java:1031)
at org.apache.maven.surefire.testng.TestNGExecutor.run(TestNGExecutor.java:283)
at org.apache.maven.surefire.testng.TestNGXmlTestSuite.execute(TestNGXmlTestSuite.java:75)
at org.apache.maven.surefire.testng.TestNGProvider.invoke(TestNGProvider.java:120)
at org.apache.maven.surefire.booter.ForkedBooter.invokeProviderInSameClassLoader(ForkedBooter.java:384)
at org.apache.maven.surefire.booter.ForkedBooter.runSuitesInProcess(ForkedBooter.java:345)
at org.apache.maven.surefire.booter.ForkedBooter.execute(ForkedBooter.java:126)
at org.apache.maven.surefire.booter.ForkedBooter.main(ForkedBooter.java:418)
]]>
            </full-stacktrace>
          </exception> <!-- org.openqa.selenium.ElementClickInterceptedException -->
          <reporter-output>
          </reporter-output>
        </test-method> <!-- homePage -->
        <test-method status="PASS" signature="homePage(java.lang.String,java.lang.String,java.lang.String)[pri:0, instance:qaclickacademy.Homepage@7b02881e]" name="homePage" duration-ms="104991" started-at="2021-11-24T16:44:22 IST" data-provider="getData" finished-at="2021-11-24T16:46:07 IST">
          <params>
            <param index="0">
              <value>
                <![CDATA[restricted user@email.com]]>
              </value>
            </param>
            <param index="1">
              <value>
                <![CDATA[radmaoc12345]]>
              </value>
            </param>
            <param index="2">
              <value>
                <![CDATA[restricted user]]>
              </value>
            </param>
          </params>
          <reporter-output>
          </reporter-output>
        </test-method> <!-- homePage -->
        <test-method status="PASS" signature="teardrop()[pri:0, instance:qaclickacademy.Homepage@7b02881e]" name="teardrop" is-config="true" duration-ms="25673" started-at="2021-11-24T16:46:07 IST" finished-at="2021-11-24T16:46:33 IST">
          <reporter-output>
          </reporter-output>
        </test-method> <!-- teardrop -->
      </class> <!-- qaclickacademy.Homepage -->
    </test> <!-- Test -->
  </suite> <!-- Suite -->
</testng-results>
